15:33:44.735 [main] INFO  resource.Base - Browser initiated successfully
15:33:45.548 [main] INFO  resource.Base - landed on registration page
15:33:45.582 [main] INFO  testcase_methods.landing_page_ - title is validated successfully
15:33:45.675 [main] INFO  testcase_methods.landing_page_ - logo validated successfully
15:33:47.997 [main] INFO  resource.Base - Browser closed
15:33:47.998 [main] INFO  resource.Base - ============================================================
15:33:48.655 [main] INFO  resource.Base - Browser initiated successfully
15:33:49.526 [main] INFO  resource.Base - landed on registration page
15:33:49.546 [main] INFO  testcase_methods.landing_page_ - title is validated successfully
15:33:49.605 [main] INFO  testcase_methods.landing_page_ - logo validated successfully
15:33:49.714 [main] INFO  testcase_methods.terms_condition_ - clicked on terms and conditions button
15:33:51.983 [main] INFO  testcase_methods.terms_condition_ - clicked on concern checkbox
15:33:52.122 [main] INFO  resource.Base - Browser closed
15:33:52.122 [main] INFO  resource.Base - ============================================================
15:33:52.724 [main] INFO  resource.Base - Browser initiated successfully
15:33:53.614 [main] INFO  resource.Base - landed on registration page
15:33:53.624 [main] INFO  testcase_methods.landing_page_ - title is validated successfully
15:33:53.669 [main] INFO  testcase_methods.landing_page_ - logo validated successfully
15:33:53.777 [main] INFO  testcase_methods.terms_condition_ - clicked on terms and conditions button
15:33:53.845 [main] INFO  testcase_methods.terms_condition_ - clicked on concern checkbox
15:33:53.949 [main] INFO  testcase_methods.invitation_code_ - terms and condition reviewed successfully
15:33:54.267 [main] INFO  testcase_methods.invitation_code_ - invitation code entered successfully
15:33:56.564 [main] INFO  testcase_methods.invitation_code_ - invitation code validated successfully
15:33:56.680 [main] INFO  resource.Base - Browser closed
15:33:56.681 [main] INFO  resource.Base - ============================================================
15:33:57.327 [main] INFO  resource.Base - Browser initiated successfully
15:33:58.186 [main] INFO  resource.Base - landed on registration page
15:33:58.210 [main] INFO  testcase_methods.landing_page_ - title is validated successfully
15:33:58.269 [main] INFO  testcase_methods.landing_page_ - logo validated successfully
15:33:58.373 [main] INFO  testcase_methods.terms_condition_ - clicked on terms and conditions button
15:33:58.438 [main] INFO  testcase_methods.terms_condition_ - clicked on concern checkbox
15:33:58.530 [main] INFO  testcase_methods.invitation_code_ - terms and condition reviewed successfully
15:33:58.856 [main] INFO  testcase_methods.invitation_code_ - invitation code entered successfully
15:33:58.992 [main] INFO  testcase_methods.invitation_code_ - invitation code validated successfully
15:33:59.295 [main] INFO  testcase_methods.Org_details_ - org type is company
15:33:59.492 [main] INFO  testcase_methods.Org_details_ - org name entered successfully
15:34:00.029 [main] INFO  testcase_methods.Org_details_ - org details verified successfully
15:34:02.355 [main] INFO  resource.Base - Browser closed
15:34:02.356 [main] INFO  resource.Base - ============================================================
15:34:02.994 [main] INFO  resource.Base - Browser initiated successfully
15:34:03.878 [main] INFO  resource.Base - landed on registration page
15:34:03.891 [main] INFO  testcase_methods.landing_page_ - title is validated successfully
15:34:03.945 [main] INFO  testcase_methods.landing_page_ - logo validated successfully
15:34:04.074 [main] INFO  testcase_methods.terms_condition_ - clicked on terms and conditions button
15:34:04.162 [main] INFO  testcase_methods.terms_condition_ - clicked on concern checkbox
15:34:04.293 [main] INFO  testcase_methods.invitation_code_ - terms and condition reviewed successfully
15:34:04.607 [main] INFO  testcase_methods.invitation_code_ - invitation code entered successfully
15:34:04.747 [main] INFO  testcase_methods.invitation_code_ - invitation code validated successfully
15:34:04.975 [main] INFO  testcase_methods.Org_details_ - org type is company
15:34:05.289 [main] INFO  testcase_methods.Org_details_ - org name entered successfully
15:34:05.790 [main] INFO  testcase_methods.Org_details_ - org details verified successfully
15:34:06.453 [main] INFO  testcase_methods.personal_pan_ - pan number entered successfully
15:34:06.630 [main] INFO  testcase_methods.personal_pan_ - pan name entered succesdfuly
15:34:06.630 [main] INFO  testcase_methods.personal_pan_ - this is personal pan
15:34:06.920 [main] INFO  testcase_methods.personal_pan_ - DOB entered successfully
15:34:07.020 [main] INFO  testcase_methods.personal_pan_ - clicked on checkbox
15:34:07.123 [main] INFO  testcase_methods.personal_pan_ - clicked on verify button
15:34:08.400 [main] INFO  resource.Base - Browser closed
15:34:08.400 [main] INFO  resource.Base - ============================================================
15:34:09.003 [main] INFO  resource.Base - Browser initiated successfully
15:34:09.793 [main] INFO  resource.Base - landed on registration page
15:34:09.807 [main] INFO  testcase_methods.landing_page_ - title is validated successfully
15:34:09.856 [main] INFO  testcase_methods.landing_page_ - logo validated successfully
15:34:09.980 [main] INFO  testcase_methods.terms_condition_ - clicked on terms and conditions button
15:34:10.056 [main] INFO  testcase_methods.terms_condition_ - clicked on concern checkbox
15:34:10.160 [main] INFO  testcase_methods.invitation_code_ - terms and condition reviewed successfully
15:34:10.468 [main] INFO  testcase_methods.invitation_code_ - invitation code entered successfully
15:34:10.604 [main] INFO  testcase_methods.invitation_code_ - invitation code validated successfully
15:34:10.872 [main] INFO  testcase_methods.Org_details_ - org type is company
15:34:11.158 [main] INFO  testcase_methods.Org_details_ - org name entered successfully
15:34:11.655 [main] INFO  testcase_methods.Org_details_ - org details verified successfully
15:34:12.414 [main] INFO  testcase_methods.personal_pan_ - pan number entered successfully
15:34:12.577 [main] INFO  testcase_methods.personal_pan_ - pan name entered succesdfuly
15:34:12.577 [main] INFO  testcase_methods.personal_pan_ - this is personal pan
15:34:12.877 [main] INFO  testcase_methods.personal_pan_ - DOB entered successfully
15:34:12.973 [main] INFO  testcase_methods.personal_pan_ - clicked on checkbox
15:34:13.059 [main] INFO  testcase_methods.personal_pan_ - clicked on verify button
15:34:14.379 [main] INFO  testcase_methods.mobile_verfy_ - mobile number entered
15:34:14.534 [main] INFO  testcase_methods.mobile_verfy_ - mobile number re-entered
15:34:14.613 [main] INFO  testcase_methods.mobile_verfy_ - clicked on send OTP button
15:34:15.741 [main] INFO  testcase_methods.mobile_verfy_ - OTP entered successfully
15:34:15.812 [main] INFO  testcase_methods.mobile_verfy_ - OTP verified successfully
15:34:18.185 [main] INFO  resource.Base - Browser closed
15:34:18.186 [main] INFO  resource.Base - ============================================================
15:34:18.821 [main] INFO  resource.Base - Browser initiated successfully
15:34:19.747 [main] INFO  resource.Base - landed on registration page
15:34:19.760 [main] INFO  testcase_methods.landing_page_ - title is validated successfully
15:34:19.798 [main] INFO  testcase_methods.landing_page_ - logo validated successfully
15:34:19.916 [main] INFO  testcase_methods.terms_condition_ - clicked on terms and conditions button
15:34:19.983 [main] INFO  testcase_methods.terms_condition_ - clicked on concern checkbox
15:34:20.105 [main] INFO  testcase_methods.invitation_code_ - terms and condition reviewed successfully
15:34:20.374 [main] INFO  testcase_methods.invitation_code_ - invitation code entered successfully
15:34:20.500 [main] INFO  testcase_methods.invitation_code_ - invitation code validated successfully
15:34:20.774 [main] INFO  testcase_methods.Org_details_ - org type is company
15:34:21.052 [main] INFO  testcase_methods.Org_details_ - org name entered successfully
15:34:21.550 [main] INFO  testcase_methods.Org_details_ - org details verified successfully
15:34:22.271 [main] INFO  testcase_methods.personal_pan_ - pan number entered successfully
15:34:22.399 [main] INFO  testcase_methods.personal_pan_ - pan name entered succesdfuly
15:34:22.400 [main] INFO  testcase_methods.personal_pan_ - this is personal pan
15:34:22.746 [main] INFO  testcase_methods.personal_pan_ - DOB entered successfully
15:34:22.817 [main] INFO  testcase_methods.personal_pan_ - clicked on checkbox
15:34:22.886 [main] INFO  testcase_methods.personal_pan_ - clicked on verify button
15:34:24.168 [main] INFO  testcase_methods.mobile_verfy_ - mobile number entered
15:34:24.318 [main] INFO  testcase_methods.mobile_verfy_ - mobile number re-entered
15:34:24.426 [main] INFO  testcase_methods.mobile_verfy_ - clicked on send OTP button
15:34:25.548 [main] INFO  testcase_methods.mobile_verfy_ - OTP entered successfully
15:34:25.615 [main] INFO  testcase_methods.mobile_verfy_ - OTP verified successfully
15:34:28.645 [main] INFO  testcase_methods.Email_verify_ - email id entered
15:34:30.840 [main] INFO  testcase_methods.Email_verify_ - email id re-entered
15:34:35.062 [main] INFO  testcase_methods.Email_verify_ - OTP entered successfully
15:34:35.138 [main] INFO  testcase_methods.Email_verify_ - OTP verified successfully
15:34:37.498 [main] INFO  resource.Base - Browser closed
15:34:37.498 [main] INFO  resource.Base - ============================================================
15:34:38.132 [main] INFO  resource.Base - Browser initiated successfully
15:34:39.351 [main] INFO  resource.Base - landed on registration page
15:34:39.361 [main] INFO  testcase_methods.landing_page_ - title is validated successfully
15:34:39.417 [main] INFO  testcase_methods.landing_page_ - logo validated successfully
15:34:39.506 [main] INFO  testcase_methods.terms_condition_ - clicked on terms and conditions button
15:34:39.556 [main] INFO  testcase_methods.terms_condition_ - clicked on concern checkbox
15:34:39.656 [main] INFO  testcase_methods.invitation_code_ - terms and condition reviewed successfully
15:34:39.948 [main] INFO  testcase_methods.invitation_code_ - invitation code entered successfully
15:34:40.027 [main] INFO  testcase_methods.invitation_code_ - invitation code validated successfully
15:34:40.296 [main] INFO  testcase_methods.Org_details_ - org type is company
15:34:40.573 [main] INFO  testcase_methods.Org_details_ - org name entered successfully
15:34:41.057 [main] INFO  testcase_methods.Org_details_ - org details verified successfully
15:34:41.702 [main] INFO  testcase_methods.personal_pan_ - pan number entered successfully
15:34:41.866 [main] INFO  testcase_methods.personal_pan_ - pan name entered succesdfuly
15:34:41.866 [main] INFO  testcase_methods.personal_pan_ - this is personal pan
15:34:42.214 [main] INFO  testcase_methods.personal_pan_ - DOB entered successfully
15:34:42.285 [main] INFO  testcase_methods.personal_pan_ - clicked on checkbox
15:34:42.387 [main] INFO  testcase_methods.personal_pan_ - clicked on verify button
15:34:43.682 [main] INFO  testcase_methods.mobile_verfy_ - mobile number entered
15:34:43.803 [main] INFO  testcase_methods.mobile_verfy_ - mobile number re-entered
15:34:43.903 [main] INFO  testcase_methods.mobile_verfy_ - clicked on send OTP button
15:34:45.058 [main] INFO  testcase_methods.mobile_verfy_ - OTP entered successfully
15:34:45.135 [main] INFO  testcase_methods.mobile_verfy_ - OTP verified successfully
15:34:48.068 [main] INFO  testcase_methods.Email_verify_ - email id entered
15:34:50.287 [main] INFO  testcase_methods.Email_verify_ - email id re-entered
15:34:54.493 [main] INFO  testcase_methods.Email_verify_ - OTP entered successfully
15:34:54.554 [main] INFO  testcase_methods.Email_verify_ - OTP verified successfully
15:34:56.833 [main] INFO  testcase_methods.User_credential_ - seller923
15:34:57.521 [main] INFO  testcase_methods.User_credential_ - user id entered
15:34:57.902 [main] INFO  testcase_methods.User_credential_ - password created successfully
15:34:57.977 [main] INFO  testcase_methods.User_credential_ - clicked on checkbox
15:34:58.052 [main] INFO  testcase_methods.User_credential_ - seller account created successfully
15:35:01.506 [main] INFO  resource.Base - Browser closed
15:35:01.506 [main] INFO  resource.Base - ============================================================
15:35:02.088 [main] INFO  resource.Base - Browser initiated successfully
15:35:02.891 [main] INFO  resource.Base - landed on registration page
15:35:02.905 [main] INFO  testcase_methods.landing_page_ - title is validated successfully
15:35:02.950 [main] INFO  testcase_methods.landing_page_ - logo validated successfully
15:35:03.086 [main] INFO  testcase_methods.terms_condition_ - clicked on terms and conditions button
15:35:03.175 [main] INFO  testcase_methods.terms_condition_ - clicked on concern checkbox
15:35:03.265 [main] INFO  testcase_methods.invitation_code_ - terms and condition reviewed successfully
15:35:03.541 [main] INFO  testcase_methods.invitation_code_ - invitation code entered successfully
15:35:03.638 [main] INFO  testcase_methods.invitation_code_ - invitation code validated successfully
15:35:43.851 [main] INFO  testcase_methods.User_credential_ - seller102
